<?xml version="1.0" encoding="utf-8"?><testsuites><testsuite name="pytest" errors="0" failures="0" skipped="0" tests="1" time="0.131" timestamp="2022-02-08T20:52:14.342300" hostname="dlg-air"><testcase classname="tests.test_async_database" name="test_async_database_ping__raises_when_invalidated_connection_retry_fails" time="0.071" /></testsuite></testsuites>